[0m13:47:30.960358 [debug] [MainThread]: Sending event: {'category': 'dbt', 'action': 'invocation', 'label': 'start', 'context': [<snowplow_tracker.self_describing_json.SelfDescribingJson object at 0x000002266E566CC0>, <snowplow_tracker.self_describing_json.SelfDescribingJson object at 0x000002266EC2B8C0>, <snowplow_tracker.self_describing_json.SelfDescribingJson object at 0x000002266DD3F260>]}


============================== 13:47:30.964403 | 9330fc95-1259-4387-afc3-e1120176863a ==============================
[0m13:47:30.964403 [info ] [MainThread]: Running with dbt=1.10.17
[0m13:47:30.965400 [debug] [MainThread]: running dbt with arguments {'static_parser': 'True', 'no_print': 'None', 'version_check': 'True', 'warn_error_options': 'WarnErrorOptionsV2(error=[], warn=[], silence=[])', 'target_path': 'None', 'printer_width': '80', 'write_json': 'True', 'introspect': 'True', 'log_cache_events': 'False', 'empty': 'None', 'cache_selected_only': 'False', 'fail_fast': 'False', 'debug': 'False', 'log_format': 'default', 'profiles_dir': 'C:\\Users\\admin\\.dbt', 'send_anonymous_usage_stats': 'True', 'quiet': 'False', 'warn_error': 'None', 'partial_parse': 'True', 'invocation_command': 'dbt debug', 'indirect_selection': 'eager', 'use_colors': 'True', 'use_experimental_parser': 'False', 'log_path': 'logs'}
[0m13:47:30.991859 [info ] [MainThread]: dbt version: 1.10.17
[0m13:47:30.993275 [info ] [MainThread]: python version: 3.12.3
[0m13:47:30.993275 [info ] [MainThread]: python path: C:\Users\admin\dbt-test\venv\Scripts\python.exe
[0m13:47:30.994281 [info ] [MainThread]: os info: Windows-11-10.0.26200-SP0
[0m13:47:30.999438 [info ] [MainThread]: Error importing adapter: No module named 'dbt.adapters.postgres'
[0m13:47:31.000435 [info ] [MainThread]: Using profiles dir at C:\Users\admin\.dbt
[0m13:47:31.000435 [info ] [MainThread]: Using profiles.yml file at C:\Users\admin\.dbt\profiles.yml
[0m13:47:31.003434 [info ] [MainThread]: Using dbt_project.yml file at C:\Users\admin\dbt-test\dbt_project.yml
[0m13:47:31.005434 [info ] [MainThread]: Configuration:
[0m13:47:31.005434 [info ] [MainThread]:   profiles.yml file [[31mERROR invalid[0m]
[0m13:47:31.007566 [info ] [MainThread]:   dbt_project.yml file [[31mERROR not found[0m]
[0m13:47:31.007566 [info ] [MainThread]: Required dependencies:
[0m13:47:31.010108 [debug] [MainThread]: Executing "git --help"
[0m13:47:31.145995 [debug] [MainThread]: STDOUT: "b"usage: git [-v | --version] [-h | --help] [-C <path>] [-c <name>=<value>]\n           [--exec-path[=<path>]] [--html-path] [--man-path] [--info-path]\n           [-p | --paginate | -P | --no-pager] [--no-replace-objects] [--bare]\n           [--git-dir=<path>] [--work-tree=<path>] [--namespace=<name>]\n           [--config-env=<name>=<envvar>] <command> [<args>]\n\nThese are common Git commands used in various situations:\n\nstart a working area (see also: git help tutorial)\n   clone     Clone a repository into a new directory\n   init      Create an empty Git repository or reinitialize an existing one\n\nwork on the current change (see also: git help everyday)\n   add       Add file contents to the index\n   mv        Move or rename a file, a directory, or a symlink\n   restore   Restore working tree files\n   rm        Remove files from the working tree and from the index\n\nexamine the history and state (see also: git help revisions)\n   bisect    Use binary search to find the commit that introduced a bug\n   diff      Show changes between commits, commit and working tree, etc\n   grep      Print lines matching a pattern\n   log       Show commit logs\n   show      Show various types of objects\n   status    Show the working tree status\n\ngrow, mark and tweak your common history\n   branch    List, create, or delete branches\n   commit    Record changes to the repository\n   merge     Join two or more development histories together\n   rebase    Reapply commits on top of another base tip\n   reset     Reset current HEAD to the specified state\n   switch    Switch branches\n   tag       Create, list, delete or verify a tag object signed with GPG\n\ncollaborate (see also: git help workflows)\n   fetch     Download objects and refs from another repository\n   pull      Fetch from and integrate with another repository or a local branch\n   push      Update remote refs along with associated objects\n\n'git help -a' and 'git help -g' list available subcommands and some\nconcept guides. See 'git help <command>' or 'git help <concept>'\nto read about a specific subcommand or concept.\nSee 'git help git' for an overview of the system.\n""
[0m13:47:31.147294 [debug] [MainThread]: STDERR: "b''"
[0m13:47:31.148856 [info ] [MainThread]:  - git [[32mOK found[0m]

[0m13:47:31.150233 [info ] [MainThread]: Connection test skipped since no profile was found
[0m13:47:31.151242 [info ] [MainThread]: [31m2 checks failed:[0m
[0m13:47:31.152241 [info ] [MainThread]: Could not load dbt_project.yml
Profile loading failed for the following reason:
Runtime Error
  Credentials in profile "retail_analytics", target "dev" invalid: Runtime Error
    Could not find adapter type postgres!


[0m13:47:31.153241 [info ] [MainThread]: Project loading failed for the following reason:
 project path <C:\Users\admin\dbt-test\dbt_project.yml> not found

[0m13:47:31.154454 [debug] [MainThread]: Command `dbt debug` failed at 13:47:31.154454 after 0.32 seconds
[0m13:47:31.155464 [debug] [MainThread]: Sending event: {'category': 'dbt', 'action': 'invocation', 'label': 'end', 'context': [<snowplow_tracker.self_describing_json.SelfDescribingJson object at 0x000002266B6CA840>, <snowplow_tracker.self_describing_json.SelfDescribingJson object at 0x000002266F859B20>, <snowplow_tracker.self_describing_json.SelfDescribingJson object at 0x000002266F057E90>]}
[0m13:47:31.155464 [debug] [MainThread]: Flushing usage events
[0m13:47:33.286707 [debug] [MainThread]: An error was encountered while trying to flush usage events
[0m13:47:51.577725 [debug] [MainThread]: Sending event: {'category': 'dbt', 'action': 'invocation', 'label': 'start', 'context': [<snowplow_tracker.self_describing_json.SelfDescribingJson object at 0x000001EB0BF6A840>, <snowplow_tracker.self_describing_json.SelfDescribingJson object at 0x000001EB0F8FE210>, <snowplow_tracker.self_describing_json.SelfDescribingJson object at 0x000001EB0F8FC440>]}


============================== 13:47:51.581727 | e4951095-6dd0-40ca-accf-ac0d5d69965e ==============================
[0m13:47:51.581727 [info ] [MainThread]: Running with dbt=1.10.17
[0m13:47:51.582732 [debug] [MainThread]: running dbt with arguments {'version_check': 'True', 'no_print': 'None', 'static_parser': 'True', 'target_path': 'None', 'warn_error_options': 'WarnErrorOptionsV2(error=[], warn=[], silence=[])', 'printer_width': '80', 'write_json': 'True', 'introspect': 'True', 'log_cache_events': 'False', 'empty': 'None', 'cache_selected_only': 'False', 'fail_fast': 'False', 'debug': 'False', 'log_format': 'default', 'profiles_dir': 'C:\\Users\\admin\\.dbt', 'send_anonymous_usage_stats': 'True', 'quiet': 'False', 'warn_error': 'None', 'partial_parse': 'True', 'invocation_command': 'dbt debug', 'use_colors': 'True', 'indirect_selection': 'eager', 'use_experimental_parser': 'False', 'log_path': 'logs'}
[0m13:47:51.599720 [info ] [MainThread]: dbt version: 1.10.17
[0m13:47:51.600727 [info ] [MainThread]: python version: 3.12.3
[0m13:47:51.601728 [info ] [MainThread]: python path: C:\Users\admin\dbt-test\venv\Scripts\python.exe
[0m13:47:51.604728 [info ] [MainThread]: os info: Windows-11-10.0.26200-SP0
[0m13:47:51.612730 [info ] [MainThread]: Error importing adapter: No module named 'dbt.adapters.postgres'
[0m13:47:51.613729 [info ] [MainThread]: Using profiles dir at C:\Users\admin\.dbt
[0m13:47:51.614727 [info ] [MainThread]: Using profiles.yml file at C:\Users\admin\.dbt\profiles.yml
[0m13:47:51.614727 [info ] [MainThread]: Using dbt_project.yml file at C:\Users\admin\dbt-test\dbt_project.yml
[0m13:47:51.615727 [info ] [MainThread]: Configuration:
[0m13:47:51.615727 [info ] [MainThread]:   profiles.yml file [[31mERROR invalid[0m]
[0m13:47:51.616727 [info ] [MainThread]:   dbt_project.yml file [[31mERROR not found[0m]
[0m13:47:51.617728 [info ] [MainThread]: Required dependencies:
[0m13:47:51.617728 [debug] [MainThread]: Executing "git --help"
[0m13:47:51.669729 [debug] [MainThread]: STDOUT: "b"usage: git [-v | --version] [-h | --help] [-C <path>] [-c <name>=<value>]\n           [--exec-path[=<path>]] [--html-path] [--man-path] [--info-path]\n           [-p | --paginate | -P | --no-pager] [--no-replace-objects] [--bare]\n           [--git-dir=<path>] [--work-tree=<path>] [--namespace=<name>]\n           [--config-env=<name>=<envvar>] <command> [<args>]\n\nThese are common Git commands used in various situations:\n\nstart a working area (see also: git help tutorial)\n   clone     Clone a repository into a new directory\n   init      Create an empty Git repository or reinitialize an existing one\n\nwork on the current change (see also: git help everyday)\n   add       Add file contents to the index\n   mv        Move or rename a file, a directory, or a symlink\n   restore   Restore working tree files\n   rm        Remove files from the working tree and from the index\n\nexamine the history and state (see also: git help revisions)\n   bisect    Use binary search to find the commit that introduced a bug\n   diff      Show changes between commits, commit and working tree, etc\n   grep      Print lines matching a pattern\n   log       Show commit logs\n   show      Show various types of objects\n   status    Show the working tree status\n\ngrow, mark and tweak your common history\n   branch    List, create, or delete branches\n   commit    Record changes to the repository\n   merge     Join two or more development histories together\n   rebase    Reapply commits on top of another base tip\n   reset     Reset current HEAD to the specified state\n   switch    Switch branches\n   tag       Create, list, delete or verify a tag object signed with GPG\n\ncollaborate (see also: git help workflows)\n   fetch     Download objects and refs from another repository\n   pull      Fetch from and integrate with another repository or a local branch\n   push      Update remote refs along with associated objects\n\n'git help -a' and 'git help -g' list available subcommands and some\nconcept guides. See 'git help <command>' or 'git help <concept>'\nto read about a specific subcommand or concept.\nSee 'git help git' for an overview of the system.\n""
[0m13:47:51.669729 [debug] [MainThread]: STDERR: "b''"
[0m13:47:51.670727 [info ] [MainThread]:  - git [[32mOK found[0m]

[0m13:47:51.671727 [info ] [MainThread]: Connection test skipped since no profile was found
[0m13:47:51.672728 [info ] [MainThread]: [31m2 checks failed:[0m
[0m13:47:51.672728 [info ] [MainThread]: Could not load dbt_project.yml
Profile loading failed for the following reason:
Runtime Error
  Credentials in profile "retail_analytics", target "dev" invalid: Runtime Error
    Could not find adapter type postgres!


[0m13:47:51.676759 [info ] [MainThread]: Project loading failed for the following reason:
 project path <C:\Users\admin\dbt-test\dbt_project.yml> not found

[0m13:47:51.677729 [debug] [MainThread]: Command `dbt debug` failed at 13:47:51.677729 after 0.20 seconds
[0m13:47:51.678724 [debug] [MainThread]: Sending event: {'category': 'dbt', 'action': 'invocation', 'label': 'end', 'context': [<snowplow_tracker.self_describing_json.SelfDescribingJson object at 0x000001EB1110BC50>, <snowplow_tracker.self_describing_json.SelfDescribingJson object at 0x000001EB0EDBFE60>, <snowplow_tracker.self_describing_json.SelfDescribingJson object at 0x000001EB0CAC8CB0>]}
[0m13:47:51.678724 [debug] [MainThread]: Flushing usage events
[0m13:47:53.081426 [debug] [MainThread]: An error was encountered while trying to flush usage events
[0m14:36:09.807189 [debug] [MainThread]: Sending event: {'category': 'dbt', 'action': 'invocation', 'label': 'start', 'context': [<snowplow_tracker.self_describing_json.SelfDescribingJson object at 0x000001D0F6853C80>, <snowplow_tracker.self_describing_json.SelfDescribingJson object at 0x000001D0F98640B0>, <snowplow_tracker.self_describing_json.SelfDescribingJson object at 0x000001D0F971A9F0>]}


============================== 14:36:09.856042 | d9eeac0d-0a33-49d0-a32a-56f2c6727e8b ==============================
[0m14:36:09.856042 [info ] [MainThread]: Running with dbt=1.10.16
[0m14:36:09.858040 [debug] [MainThread]: running dbt with arguments {'version_check': 'True', 'no_print': 'None', 'static_parser': 'True', 'target_path': 'None', 'warn_error_options': 'WarnErrorOptionsV2(error=[], warn=[], silence=[])', 'printer_width': '80', 'write_json': 'True', 'introspect': 'True', 'log_cache_events': 'False', 'empty': 'False', 'cache_selected_only': 'False', 'log_format': 'default', 'debug': 'False', 'fail_fast': 'False', 'partial_parse': 'True', 'send_anonymous_usage_stats': 'True', 'quiet': 'False', 'warn_error': 'None', 'profiles_dir': 'C:\\Users\\admin\\.dbt', 'invocation_command': 'dbt run --select stg_patients --target lakehouse', 'use_colors': 'True', 'indirect_selection': 'eager', 'use_experimental_parser': 'False', 'log_path': 'logs'}
[0m14:36:09.859037 [error] [MainThread]: Encountered an error:
Runtime Error
  No dbt_project.yml found at expected path C:\Users\admin\dbt-test\dbt_project.yml
  Verify that each entry within packages.yml (and their transitive dependencies) contains a file named dbt_project.yml
  
[0m14:36:09.861037 [debug] [MainThread]: Command `dbt run` failed at 14:36:09.860037 after 0.33 seconds
[0m14:36:09.861037 [debug] [MainThread]: Sending event: {'category': 'dbt', 'action': 'invocation', 'label': 'end', 'context': [<snowplow_tracker.self_describing_json.SelfDescribingJson object at 0x000001D0F97D98E0>, <snowplow_tracker.self_describing_json.SelfDescribingJson object at 0x000001D0F98A66C0>, <snowplow_tracker.self_describing_json.SelfDescribingJson object at 0x000001D0F98A5A60>]}
[0m14:36:09.862042 [debug] [MainThread]: Flushing usage events
[0m14:36:12.069560 [debug] [MainThread]: An error was encountered while trying to flush usage events
[0m15:55:25.240988 [debug] [MainThread]: Sending event: {'category': 'dbt', 'action': 'invocation', 'label': 'start', 'context': [<snowplow_tracker.self_describing_json.SelfDescribingJson object at 0x00000255D05DD4F0>, <snowplow_tracker.self_describing_json.SelfDescribingJson object at 0x00000255D0027500>, <snowplow_tracker.self_describing_json.SelfDescribingJson object at 0x00000255D00275F0>]}


============================== 15:55:25.245130 | ba43bb5d-5131-4684-97e6-182d615aece2 ==============================
[0m15:55:25.245130 [info ] [MainThread]: Running with dbt=1.10.17
[0m15:55:25.246138 [debug] [MainThread]: running dbt with arguments {'version_check': 'True', 'no_print': 'None', 'static_parser': 'True', 'warn_error_options': 'WarnErrorOptionsV2(error=[], warn=[], silence=[])', 'target_path': 'None', 'printer_width': '80', 'write_json': 'True', 'empty': 'False', 'log_cache_events': 'False', 'introspect': 'True', 'cache_selected_only': 'False', 'log_format': 'default', 'debug': 'False', 'fail_fast': 'False', 'profiles_dir': 'C:\\Users\\admin\\.dbt', 'send_anonymous_usage_stats': 'True', 'quiet': 'False', 'warn_error': 'None', 'partial_parse': 'True', 'use_colors': 'True', 'indirect_selection': 'eager', 'invocation_command': 'dbt run --select stg_patients --target warehouse', 'use_experimental_parser': 'False', 'log_path': 'logs'}
[0m15:55:25.247146 [error] [MainThread]: Encountered an error:
Runtime Error
  No dbt_project.yml found at expected path C:\Users\admin\adp\adp-transformation-pipeline\dbt_project.yml
  Verify that each entry within packages.yml (and their transitive dependencies) contains a file named dbt_project.yml
  
[0m15:55:25.249136 [debug] [MainThread]: Command `dbt run` failed at 15:55:25.249136 after 0.32 seconds
[0m15:55:25.250138 [debug] [MainThread]: Sending event: {'category': 'dbt', 'action': 'invocation', 'label': 'end', 'context': [<snowplow_tracker.self_describing_json.SelfDescribingJson object at 0x00000255D09A1A60>, <snowplow_tracker.self_describing_json.SelfDescribingJson object at 0x00000255CD8B51C0>, <snowplow_tracker.self_describing_json.SelfDescribingJson object at 0x00000255D04DB170>]}
[0m15:55:25.250138 [debug] [MainThread]: Flushing usage events
[0m15:55:27.206338 [debug] [MainThread]: An error was encountered while trying to flush usage events
